::1 - - [28/Mar/2022:22:36:50 -0300] "GET / HTTP/1.1" 200 80020
::1 - - [28/Mar/2022:22:36:50 -0300] "GET /images/header.png HTTP/1.1" 200 7766
::1 - - [28/Mar/2022:22:36:50 -0300] "GET /style.css HTTP/1.1" 200 3041
::1 - - [28/Mar/2022:22:36:50 -0300] "GET /images/background.jpg HTTP/1.1" 200 12386
::1 - - [28/Mar/2022:22:36:50 -0300] "GET /images/menuleft.jpg HTTP/1.1" 200 11236
::1 - - [28/Mar/2022:22:36:50 -0300] "GET /images/menu.jpg HTTP/1.1" 200 11219
::1 - - [28/Mar/2022:22:36:50 -0300] "GET /images/menuright.jpg HTTP/1.1" 200 11239
::1 - - [28/Mar/2022:22:36:50 -0300] "GET /images/topcontent.jpg HTTP/1.1" 200 11578
::1 - - [28/Mar/2022:22:36:50 -0300] "GET /images/content.jpg HTTP/1.1" 200 11916
::1 - - [28/Mar/2022:22:36:50 -0300] "GET /images/banner.jpg HTTP/1.1" 200 38149
::1 - - [28/Mar/2022:22:36:57 -0300] "GET /indexTGR HTTP/1.1" 301 239
::1 - - [28/Mar/2022:22:36:57 -0300] "GET /indexTGR/ HTTP/1.1" 200 8926
::1 - - [28/Mar/2022:22:36:57 -0300] "GET /indexTGR/Style.css HTTP/1.1" 304 -
::1 - - [28/Mar/2022:22:36:57 -0300] "GET /indexTGR/IMG/logo-tgr.png HTTP/1.1" 304 -
::1 - - [28/Mar/2022:22:36:57 -0300] "GET /indexTGR/IMG/Banner.png HTTP/1.1" 304 -
::1 - - [28/Mar/2022:22:36:57 -0300] "GET /indexTGR/IMG/QuemSomos.png HTTP/1.1" 304 -
::1 - - [28/Mar/2022:22:36:57 -0300] "GET /indexTGR/IMG/iconeMidle.png HTTP/1.1" 304 -
::1 - - [28/Mar/2022:22:36:57 -0300] "GET /indexTGR/IMG/iconeLeft.png HTTP/1.1" 304 -
::1 - - [28/Mar/2022:22:36:57 -0300] "GET /indexTGR/IMG/iconeRight.png HTTP/1.1" 304 -
::1 - - [28/Mar/2022:22:36:58 -0300] "GET /indexTGR/IMG/Next.png HTTP/1.1" 304 -
::1 - - [28/Mar/2022:22:36:58 -0300] "GET /indexTGR/IMG/Left.png HTTP/1.1" 304 -
::1 - - [28/Mar/2022:22:36:58 -0300] "GET /indexTGR/noticias.php HTTP/1.1" 200 6232
::1 - - [28/Mar/2022:22:36:58 -0300] "GET /indexTGR/IMG/NoticiasPast.png HTTP/1.1" 304 -
::1 - - [28/Mar/2022:22:36:58 -0300] "GET /indexTGR/IMG/NoticiasNext.png HTTP/1.1" 304 -
::1 - - [28/Mar/2022:22:36:58 -0300] "GET /indexTGR/IMG/Noticia01.png HTTP/1.1" 304 -
::1 - - [28/Mar/2022:22:36:58 -0300] "GET /indexTGR/IMG/Noticia02.png HTTP/1.1" 304 -
